Start testing: Jul 08 15:46 UTC
----------------------------------------------------------
1/2 Testing: HelloTest.BasicAssertions
1/2 Test: HelloTest.BasicAssertions
Command: "/home/giovanni/py2cpp2/build/hello_test" "--gtest_filter=HelloTest.BasicAssertions" "--gtest_also_run_disabled_tests"
Directory: /home/giovanni/py2cpp2/build
"HelloTest.BasicAssertions" start time: Jul 08 15:46 UTC
Output:
----------------------------------------------------------
Running main() from /home/giovanni/py2cpp2/build/_deps/googletest-src/googletest/src/gtest_main.cc
Note: Google Test filter = HelloTest.BasicAssertions
[==========] Running 1 test from 1 test suite.
[----------] Global test environment set-up.
[----------] 1 test from HelloTest
[ RUN      ] HelloTest.BasicAssertions
[       OK ] HelloTest.BasicAssertions (0 ms)
[----------] 1 test from HelloTest (0 ms total)

[----------] Global test environment tear-down
[==========] 1 test from 1 test suite ran. (0 ms total)
[  PASSED  ] 1 test.
<end of output>
Test time =   0.00 sec
----------------------------------------------------------
Test Passed.
"HelloTest.BasicAssertions" end time: Jul 08 15:46 UTC
"HelloTest.BasicAssertions" time elapsed: 00:00:00
----------------------------------------------------------

2/2 Testing: PetTest.PetAssertions
2/2 Test: PetTest.PetAssertions
Command: "/home/giovanni/py2cpp2/build/hello_test" "--gtest_filter=PetTest.PetAssertions" "--gtest_also_run_disabled_tests"
Directory: /home/giovanni/py2cpp2/build
"PetTest.PetAssertions" start time: Jul 08 15:46 UTC
Output:
----------------------------------------------------------
Running main() from /home/giovanni/py2cpp2/build/_deps/googletest-src/googletest/src/gtest_main.cc
Note: Google Test filter = PetTest.PetAssertions
[==========] Running 1 test from 1 test suite.
[----------] Global test environment set-up.
[----------] 1 test from PetTest
[ RUN      ] PetTest.PetAssertions
[       OK ] PetTest.PetAssertions (0 ms)
[----------] 1 test from PetTest (0 ms total)

[----------] Global test environment tear-down
[==========] 1 test from 1 test suite ran. (0 ms total)
[  PASSED  ] 1 test.
<end of output>
Test time =   0.00 sec
----------------------------------------------------------
Test Passed.
"PetTest.PetAssertions" end time: Jul 08 15:46 UTC
"PetTest.PetAssertions" time elapsed: 00:00:00
----------------------------------------------------------

End testing: Jul 08 15:46 UTC
